Namespace(aim_repo=None, aim_run_hash=None, align_suffix=None, alignfile=None, all_gather_list_size=16384, amp=False, amp_batch_retries=2, amp_init_scale=128, amp_scale_window=None, azureml_logging=False, bf16=False, bpe=None, cpu=False, criterion='cross_entropy', dataset_impl='mmap', destdir='iwslt14_zero_shot_databin', dict_only=False, empty_cache_freq=0, fp16=False, fp16_init_scale=128, fp16_no_flatten_grads=False, fp16_scale_tolerance=0.0, fp16_scale_window=None, joined_dictionary=False, log_file=None, log_format=None, log_interval=100, lr_scheduler='fixed', memory_efficient_bf16=False, memory_efficient_fp16=False, min_loss_scale=0.0001, model_parallel_size=1, no_progress_bar=False, nwordssrc=-1, nwordstgt=-1, on_cpu_convert_precision=False, only_source=False, optimizer=None, padding_factor=8, plasma_path='/tmp/plasma', profile=False, quantization_config_path=None, reset_logging=False, scoring='bleu', seed=1, source_lang='de', srcdict='dict.txt', suppress_crashes=False, target_lang='es', task='translation', tensorboard_logdir=None, testpref='zero_shot.de-es.spm', tgtdict='dict.txt', threshold_loss_scale=None, thresholdsrc=0, thresholdtgt=0, tokenizer=None, tpu=False, trainpref=None, use_plasma_view=False, user_dir=None, validpref=None, wandb_project=None, workers=70)
[de] Dictionary: 30001 types
[de] zero_shot.de-es.spm.de: 26008 sents, 724087 tokens, 0.0% replaced (by <unk>)
[es] Dictionary: 30001 types
[es] zero_shot.de-es.spm.es: 26008 sents, 689555 tokens, 0.0% replaced (by <unk>)
Wrote preprocessed data to iwslt14_zero_shot_databin
Namespace(aim_repo=None, aim_run_hash=None, align_suffix=None, alignfile=None, all_gather_list_size=16384, amp=False, amp_batch_retries=2, amp_init_scale=128, amp_scale_window=None, azureml_logging=False, bf16=False, bpe=None, cpu=False, criterion='cross_entropy', dataset_impl='mmap', destdir='iwslt14_zero_shot_databin', dict_only=False, empty_cache_freq=0, fp16=False, fp16_init_scale=128, fp16_no_flatten_grads=False, fp16_scale_tolerance=0.0, fp16_scale_window=None, joined_dictionary=False, log_file=None, log_format=None, log_interval=100, lr_scheduler='fixed', memory_efficient_bf16=False, memory_efficient_fp16=False, min_loss_scale=0.0001, model_parallel_size=1, no_progress_bar=False, nwordssrc=-1, nwordstgt=-1, on_cpu_convert_precision=False, only_source=False, optimizer=None, padding_factor=8, plasma_path='/tmp/plasma', profile=False, quantization_config_path=None, reset_logging=False, scoring='bleu', seed=1, source_lang='de', srcdict='dict.txt', suppress_crashes=False, target_lang='nl', task='translation', tensorboard_logdir=None, testpref='zero_shot.de-nl.spm', tgtdict='dict.txt', threshold_loss_scale=None, thresholdsrc=0, thresholdtgt=0, tokenizer=None, tpu=False, trainpref=None, use_plasma_view=False, user_dir=None, validpref=None, wandb_project=None, workers=70)
[de] Dictionary: 30001 types
[de] zero_shot.de-nl.spm.de: 26008 sents, 724087 tokens, 0.0% replaced (by <unk>)
[nl] Dictionary: 30001 types
[nl] zero_shot.de-nl.spm.nl: 26008 sents, 685999 tokens, 0.0% replaced (by <unk>)
Wrote preprocessed data to iwslt14_zero_shot_databin
Namespace(aim_repo=None, aim_run_hash=None, align_suffix=None, alignfile=None, all_gather_list_size=16384, amp=False, amp_batch_retries=2, amp_init_scale=128, amp_scale_window=None, azureml_logging=False, bf16=False, bpe=None, cpu=False, criterion='cross_entropy', dataset_impl='mmap', destdir='iwslt14_zero_shot_databin', dict_only=False, empty_cache_freq=0, fp16=False, fp16_init_scale=128, fp16_no_flatten_grads=False, fp16_scale_tolerance=0.0, fp16_scale_window=None, joined_dictionary=False, log_file=None, log_format=None, log_interval=100, lr_scheduler='fixed', memory_efficient_bf16=False, memory_efficient_fp16=False, min_loss_scale=0.0001, model_parallel_size=1, no_progress_bar=False, nwordssrc=-1, nwordstgt=-1, on_cpu_convert_precision=False, only_source=False, optimizer=None, padding_factor=8, plasma_path='/tmp/plasma', profile=False, quantization_config_path=None, reset_logging=False, scoring='bleu', seed=1, source_lang='de', srcdict='dict.txt', suppress_crashes=False, target_lang='it', task='translation', tensorboard_logdir=None, testpref='zero_shot.de-it.spm', tgtdict='dict.txt', threshold_loss_scale=None, thresholdsrc=0, thresholdtgt=0, tokenizer=None, tpu=False, trainpref=None, use_plasma_view=False, user_dir=None, validpref=None, wandb_project=None, workers=70)
[de] Dictionary: 30001 types
[de] zero_shot.de-it.spm.de: 26008 sents, 724087 tokens, 0.0% replaced (by <unk>)
[it] Dictionary: 30001 types
[it] zero_shot.de-it.spm.it: 26008 sents, 714146 tokens, 0.0% replaced (by <unk>)
Wrote preprocessed data to iwslt14_zero_shot_databin
Namespace(aim_repo=None, aim_run_hash=None, align_suffix=None, alignfile=None, all_gather_list_size=16384, amp=False, amp_batch_retries=2, amp_init_scale=128, amp_scale_window=None, azureml_logging=False, bf16=False, bpe=None, cpu=False, criterion='cross_entropy', dataset_impl='mmap', destdir='iwslt14_zero_shot_databin', dict_only=False, empty_cache_freq=0, fp16=False, fp16_init_scale=128, fp16_no_flatten_grads=False, fp16_scale_tolerance=0.0, fp16_scale_window=None, joined_dictionary=False, log_file=None, log_format=None, log_interval=100, lr_scheduler='fixed', memory_efficient_bf16=False, memory_efficient_fp16=False, min_loss_scale=0.0001, model_parallel_size=1, no_progress_bar=False, nwordssrc=-1, nwordstgt=-1, on_cpu_convert_precision=False, only_source=False, optimizer=None, padding_factor=8, plasma_path='/tmp/plasma', profile=False, quantization_config_path=None, reset_logging=False, scoring='bleu', seed=1, source_lang='de', srcdict='dict.txt', suppress_crashes=False, target_lang='pl', task='translation', tensorboard_logdir=None, testpref='zero_shot.de-pl.spm', tgtdict='dict.txt', threshold_loss_scale=None, thresholdsrc=0, thresholdtgt=0, tokenizer=None, tpu=False, trainpref=None, use_plasma_view=False, user_dir=None, validpref=None, wandb_project=None, workers=70)
[de] Dictionary: 30001 types
[de] zero_shot.de-pl.spm.de: 26008 sents, 724087 tokens, 0.0% replaced (by <unk>)
[pl] Dictionary: 30001 types
[pl] zero_shot.de-pl.spm.pl: 26008 sents, 725138 tokens, 0.0% replaced (by <unk>)
Wrote preprocessed data to iwslt14_zero_shot_databin
Namespace(aim_repo=None, aim_run_hash=None, align_suffix=None, alignfile=None, all_gather_list_size=16384, amp=False, amp_batch_retries=2, amp_init_scale=128, amp_scale_window=None, azureml_logging=False, bf16=False, bpe=None, cpu=False, criterion='cross_entropy', dataset_impl='mmap', destdir='iwslt14_zero_shot_databin', dict_only=False, empty_cache_freq=0, fp16=False, fp16_init_scale=128, fp16_no_flatten_grads=False, fp16_scale_tolerance=0.0, fp16_scale_window=None, joined_dictionary=False, log_file=None, log_format=None, log_interval=100, lr_scheduler='fixed', memory_efficient_bf16=False, memory_efficient_fp16=False, min_loss_scale=0.0001, model_parallel_size=1, no_progress_bar=False, nwordssrc=-1, nwordstgt=-1, on_cpu_convert_precision=False, only_source=False, optimizer=None, padding_factor=8, plasma_path='/tmp/plasma', profile=False, quantization_config_path=None, reset_logging=False, scoring='bleu', seed=1, source_lang='de', srcdict='dict.txt', suppress_crashes=False, target_lang='ar', task='translation', tensorboard_logdir=None, testpref='zero_shot.de-ar.spm', tgtdict='dict.txt', threshold_loss_scale=None, thresholdsrc=0, thresholdtgt=0, tokenizer=None, tpu=False, trainpref=None, use_plasma_view=False, user_dir=None, validpref=None, wandb_project=None, workers=70)
[de] Dictionary: 30001 types
[de] zero_shot.de-ar.spm.de: 26008 sents, 724087 tokens, 0.0% replaced (by <unk>)
[ar] Dictionary: 30001 types
[ar] zero_shot.de-ar.spm.ar: 26008 sents, 739187 tokens, 0.0% replaced (by <unk>)
Wrote preprocessed data to iwslt14_zero_shot_databin
Namespace(aim_repo=None, aim_run_hash=None, align_suffix=None, alignfile=None, all_gather_list_size=16384, amp=False, amp_batch_retries=2, amp_init_scale=128, amp_scale_window=None, azureml_logging=False, bf16=False, bpe=None, cpu=False, criterion='cross_entropy', dataset_impl='mmap', destdir='iwslt14_zero_shot_databin', dict_only=False, empty_cache_freq=0, fp16=False, fp16_init_scale=128, fp16_no_flatten_grads=False, fp16_scale_tolerance=0.0, fp16_scale_window=None, joined_dictionary=False, log_file=None, log_format=None, log_interval=100, lr_scheduler='fixed', memory_efficient_bf16=False, memory_efficient_fp16=False, min_loss_scale=0.0001, model_parallel_size=1, no_progress_bar=False, nwordssrc=-1, nwordstgt=-1, on_cpu_convert_precision=False, only_source=False, optimizer=None, padding_factor=8, plasma_path='/tmp/plasma', profile=False, quantization_config_path=None, reset_logging=False, scoring='bleu', seed=1, source_lang='de', srcdict='dict.txt', suppress_crashes=False, target_lang='fa', task='translation', tensorboard_logdir=None, testpref='zero_shot.de-fa.spm', tgtdict='dict.txt', threshold_loss_scale=None, thresholdsrc=0, thresholdtgt=0, tokenizer=None, tpu=False, trainpref=None, use_plasma_view=False, user_dir=None, validpref=None, wandb_project=None, workers=70)
[de] Dictionary: 30001 types
[de] zero_shot.de-fa.spm.de: 26008 sents, 724087 tokens, 0.0% replaced (by <unk>)
[fa] Dictionary: 30001 types
[fa] zero_shot.de-fa.spm.fa: 26008 sents, 793062 tokens, 0.0% replaced (by <unk>)
Wrote preprocessed data to iwslt14_zero_shot_databin
Namespace(aim_repo=None, aim_run_hash=None, align_suffix=None, alignfile=None, all_gather_list_size=16384, amp=False, amp_batch_retries=2, amp_init_scale=128, amp_scale_window=None, azureml_logging=False, bf16=False, bpe=None, cpu=False, criterion='cross_entropy', dataset_impl='mmap', destdir='iwslt14_zero_shot_databin', dict_only=False, empty_cache_freq=0, fp16=False, fp16_init_scale=128, fp16_no_flatten_grads=False, fp16_scale_tolerance=0.0, fp16_scale_window=None, joined_dictionary=False, log_file=None, log_format=None, log_interval=100, lr_scheduler='fixed', memory_efficient_bf16=False, memory_efficient_fp16=False, min_loss_scale=0.0001, model_parallel_size=1, no_progress_bar=False, nwordssrc=-1, nwordstgt=-1, on_cpu_convert_precision=False, only_source=False, optimizer=None, padding_factor=8, plasma_path='/tmp/plasma', profile=False, quantization_config_path=None, reset_logging=False, scoring='bleu', seed=1, source_lang='de', srcdict='dict.txt', suppress_crashes=False, target_lang='he', task='translation', tensorboard_logdir=None, testpref='zero_shot.de-he.spm', tgtdict='dict.txt', threshold_loss_scale=None, thresholdsrc=0, thresholdtgt=0, tokenizer=None, tpu=False, trainpref=None, use_plasma_view=False, user_dir=None, validpref=None, wandb_project=None, workers=70)
[de] Dictionary: 30001 types
[de] zero_shot.de-he.spm.de: 26008 sents, 724087 tokens, 0.0% replaced (by <unk>)
[he] Dictionary: 30001 types
[he] zero_shot.de-he.spm.he: 26008 sents, 704746 tokens, 0.0% replaced (by <unk>)
Wrote preprocessed data to iwslt14_zero_shot_databin
Namespace(aim_repo=None, aim_run_hash=None, align_suffix=None, alignfile=None, all_gather_list_size=16384, amp=False, amp_batch_retries=2, amp_init_scale=128, amp_scale_window=None, azureml_logging=False, bf16=False, bpe=None, cpu=False, criterion='cross_entropy', dataset_impl='mmap', destdir='iwslt14_zero_shot_databin', dict_only=False, empty_cache_freq=0, fp16=False, fp16_init_scale=128, fp16_no_flatten_grads=False, fp16_scale_tolerance=0.0, fp16_scale_window=None, joined_dictionary=False, log_file=None, log_format=None, log_interval=100, lr_scheduler='fixed', memory_efficient_bf16=False, memory_efficient_fp16=False, min_loss_scale=0.0001, model_parallel_size=1, no_progress_bar=False, nwordssrc=-1, nwordstgt=-1, on_cpu_convert_precision=False, only_source=False, optimizer=None, padding_factor=8, plasma_path='/tmp/plasma', profile=False, quantization_config_path=None, reset_logging=False, scoring='bleu', seed=1, source_lang='es', srcdict='dict.txt', suppress_crashes=False, target_lang='nl', task='translation', tensorboard_logdir=None, testpref='zero_shot.es-nl.spm', tgtdict='dict.txt', threshold_loss_scale=None, thresholdsrc=0, thresholdtgt=0, tokenizer=None, tpu=False, trainpref=None, use_plasma_view=False, user_dir=None, validpref=None, wandb_project=None, workers=70)
[es] Dictionary: 30001 types
[es] zero_shot.es-nl.spm.es: 26008 sents, 689555 tokens, 0.0% replaced (by <unk>)
[nl] Dictionary: 30001 types
[nl] zero_shot.es-nl.spm.nl: 26008 sents, 685999 tokens, 0.0% replaced (by <unk>)
Wrote preprocessed data to iwslt14_zero_shot_databin
Namespace(aim_repo=None, aim_run_hash=None, align_suffix=None, alignfile=None, all_gather_list_size=16384, amp=False, amp_batch_retries=2, amp_init_scale=128, amp_scale_window=None, azureml_logging=False, bf16=False, bpe=None, cpu=False, criterion='cross_entropy', dataset_impl='mmap', destdir='iwslt14_zero_shot_databin', dict_only=False, empty_cache_freq=0, fp16=False, fp16_init_scale=128, fp16_no_flatten_grads=False, fp16_scale_tolerance=0.0, fp16_scale_window=None, joined_dictionary=False, log_file=None, log_format=None, log_interval=100, lr_scheduler='fixed', memory_efficient_bf16=False, memory_efficient_fp16=False, min_loss_scale=0.0001, model_parallel_size=1, no_progress_bar=False, nwordssrc=-1, nwordstgt=-1, on_cpu_convert_precision=False, only_source=False, optimizer=None, padding_factor=8, plasma_path='/tmp/plasma', profile=False, quantization_config_path=None, reset_logging=False, scoring='bleu', seed=1, source_lang='es', srcdict='dict.txt', suppress_crashes=False, target_lang='it', task='translation', tensorboard_logdir=None, testpref='zero_shot.es-it.spm', tgtdict='dict.txt', threshold_loss_scale=None, thresholdsrc=0, thresholdtgt=0, tokenizer=None, tpu=False, trainpref=None, use_plasma_view=False, user_dir=None, validpref=None, wandb_project=None, workers=70)
[es] Dictionary: 30001 types
[es] zero_shot.es-it.spm.es: 26008 sents, 689555 tokens, 0.0% replaced (by <unk>)
[it] Dictionary: 30001 types
[it] zero_shot.es-it.spm.it: 26008 sents, 714146 tokens, 0.0% replaced (by <unk>)
Wrote preprocessed data to iwslt14_zero_shot_databin
Namespace(aim_repo=None, aim_run_hash=None, align_suffix=None, alignfile=None, all_gather_list_size=16384, amp=False, amp_batch_retries=2, amp_init_scale=128, amp_scale_window=None, azureml_logging=False, bf16=False, bpe=None, cpu=False, criterion='cross_entropy', dataset_impl='mmap', destdir='iwslt14_zero_shot_databin', dict_only=False, empty_cache_freq=0, fp16=False, fp16_init_scale=128, fp16_no_flatten_grads=False, fp16_scale_tolerance=0.0, fp16_scale_window=None, joined_dictionary=False, log_file=None, log_format=None, log_interval=100, lr_scheduler='fixed', memory_efficient_bf16=False, memory_efficient_fp16=False, min_loss_scale=0.0001, model_parallel_size=1, no_progress_bar=False, nwordssrc=-1, nwordstgt=-1, on_cpu_convert_precision=False, only_source=False, optimizer=None, padding_factor=8, plasma_path='/tmp/plasma', profile=False, quantization_config_path=None, reset_logging=False, scoring='bleu', seed=1, source_lang='es', srcdict='dict.txt', suppress_crashes=False, target_lang='pl', task='translation', tensorboard_logdir=None, testpref='zero_shot.es-pl.spm', tgtdict='dict.txt', threshold_loss_scale=None, thresholdsrc=0, thresholdtgt=0, tokenizer=None, tpu=False, trainpref=None, use_plasma_view=False, user_dir=None, validpref=None, wandb_project=None, workers=70)
[es] Dictionary: 30001 types
[es] zero_shot.es-pl.spm.es: 26008 sents, 689555 tokens, 0.0% replaced (by <unk>)
[pl] Dictionary: 30001 types
[pl] zero_shot.es-pl.spm.pl: 26008 sents, 725138 tokens, 0.0% replaced (by <unk>)
Wrote preprocessed data to iwslt14_zero_shot_databin
Namespace(aim_repo=None, aim_run_hash=None, align_suffix=None, alignfile=None, all_gather_list_size=16384, amp=False, amp_batch_retries=2, amp_init_scale=128, amp_scale_window=None, azureml_logging=False, bf16=False, bpe=None, cpu=False, criterion='cross_entropy', dataset_impl='mmap', destdir='iwslt14_zero_shot_databin', dict_only=False, empty_cache_freq=0, fp16=False, fp16_init_scale=128, fp16_no_flatten_grads=False, fp16_scale_tolerance=0.0, fp16_scale_window=None, joined_dictionary=False, log_file=None, log_format=None, log_interval=100, lr_scheduler='fixed', memory_efficient_bf16=False, memory_efficient_fp16=False, min_loss_scale=0.0001, model_parallel_size=1, no_progress_bar=False, nwordssrc=-1, nwordstgt=-1, on_cpu_convert_precision=False, only_source=False, optimizer=None, padding_factor=8, plasma_path='/tmp/plasma', profile=False, quantization_config_path=None, reset_logging=False, scoring='bleu', seed=1, source_lang='es', srcdict='dict.txt', suppress_crashes=False, target_lang='ar', task='translation', tensorboard_logdir=None, testpref='zero_shot.es-ar.spm', tgtdict='dict.txt', threshold_loss_scale=None, thresholdsrc=0, thresholdtgt=0, tokenizer=None, tpu=False, trainpref=None, use_plasma_view=False, user_dir=None, validpref=None, wandb_project=None, workers=70)
[es] Dictionary: 30001 types
[es] zero_shot.es-ar.spm.es: 26008 sents, 689555 tokens, 0.0% replaced (by <unk>)
[ar] Dictionary: 30001 types
[ar] zero_shot.es-ar.spm.ar: 26008 sents, 739187 tokens, 0.0% replaced (by <unk>)
Wrote preprocessed data to iwslt14_zero_shot_databin
Namespace(aim_repo=None, aim_run_hash=None, align_suffix=None, alignfile=None, all_gather_list_size=16384, amp=False, amp_batch_retries=2, amp_init_scale=128, amp_scale_window=None, azureml_logging=False, bf16=False, bpe=None, cpu=False, criterion='cross_entropy', dataset_impl='mmap', destdir='iwslt14_zero_shot_databin', dict_only=False, empty_cache_freq=0, fp16=False, fp16_init_scale=128, fp16_no_flatten_grads=False, fp16_scale_tolerance=0.0, fp16_scale_window=None, joined_dictionary=False, log_file=None, log_format=None, log_interval=100, lr_scheduler='fixed', memory_efficient_bf16=False, memory_efficient_fp16=False, min_loss_scale=0.0001, model_parallel_size=1, no_progress_bar=False, nwordssrc=-1, nwordstgt=-1, on_cpu_convert_precision=False, only_source=False, optimizer=None, padding_factor=8, plasma_path='/tmp/plasma', profile=False, quantization_config_path=None, reset_logging=False, scoring='bleu', seed=1, source_lang='es', srcdict='dict.txt', suppress_crashes=False, target_lang='fa', task='translation', tensorboard_logdir=None, testpref='zero_shot.es-fa.spm', tgtdict='dict.txt', threshold_loss_scale=None, thresholdsrc=0, thresholdtgt=0, tokenizer=None, tpu=False, trainpref=None, use_plasma_view=False, user_dir=None, validpref=None, wandb_project=None, workers=70)
[es] Dictionary: 30001 types
[es] zero_shot.es-fa.spm.es: 26008 sents, 689555 tokens, 0.0% replaced (by <unk>)
[fa] Dictionary: 30001 types
[fa] zero_shot.es-fa.spm.fa: 26008 sents, 793062 tokens, 0.0% replaced (by <unk>)
Wrote preprocessed data to iwslt14_zero_shot_databin
Namespace(aim_repo=None, aim_run_hash=None, align_suffix=None, alignfile=None, all_gather_list_size=16384, amp=False, amp_batch_retries=2, amp_init_scale=128, amp_scale_window=None, azureml_logging=False, bf16=False, bpe=None, cpu=False, criterion='cross_entropy', dataset_impl='mmap', destdir='iwslt14_zero_shot_databin', dict_only=False, empty_cache_freq=0, fp16=False, fp16_init_scale=128, fp16_no_flatten_grads=False, fp16_scale_tolerance=0.0, fp16_scale_window=None, joined_dictionary=False, log_file=None, log_format=None, log_interval=100, lr_scheduler='fixed', memory_efficient_bf16=False, memory_efficient_fp16=False, min_loss_scale=0.0001, model_parallel_size=1, no_progress_bar=False, nwordssrc=-1, nwordstgt=-1, on_cpu_convert_precision=False, only_source=False, optimizer=None, padding_factor=8, plasma_path='/tmp/plasma', profile=False, quantization_config_path=None, reset_logging=False, scoring='bleu', seed=1, source_lang='es', srcdict='dict.txt', suppress_crashes=False, target_lang='he', task='translation', tensorboard_logdir=None, testpref='zero_shot.es-he.spm', tgtdict='dict.txt', threshold_loss_scale=None, thresholdsrc=0, thresholdtgt=0, tokenizer=None, tpu=False, trainpref=None, use_plasma_view=False, user_dir=None, validpref=None, wandb_project=None, workers=70)
[es] Dictionary: 30001 types
[es] zero_shot.es-he.spm.es: 26008 sents, 689555 tokens, 0.0% replaced (by <unk>)
[he] Dictionary: 30001 types
[he] zero_shot.es-he.spm.he: 26008 sents, 704746 tokens, 0.0% replaced (by <unk>)
Wrote preprocessed data to iwslt14_zero_shot_databin
Namespace(aim_repo=None, aim_run_hash=None, align_suffix=None, alignfile=None, all_gather_list_size=16384, amp=False, amp_batch_retries=2, amp_init_scale=128, amp_scale_window=None, azureml_logging=False, bf16=False, bpe=None, cpu=False, criterion='cross_entropy', dataset_impl='mmap', destdir='iwslt14_zero_shot_databin', dict_only=False, empty_cache_freq=0, fp16=False, fp16_init_scale=128, fp16_no_flatten_grads=False, fp16_scale_tolerance=0.0, fp16_scale_window=None, joined_dictionary=False, log_file=None, log_format=None, log_interval=100, lr_scheduler='fixed', memory_efficient_bf16=False, memory_efficient_fp16=False, min_loss_scale=0.0001, model_parallel_size=1, no_progress_bar=False, nwordssrc=-1, nwordstgt=-1, on_cpu_convert_precision=False, only_source=False, optimizer=None, padding_factor=8, plasma_path='/tmp/plasma', profile=False, quantization_config_path=None, reset_logging=False, scoring='bleu', seed=1, source_lang='nl', srcdict='dict.txt', suppress_crashes=False, target_lang='it', task='translation', tensorboard_logdir=None, testpref='zero_shot.nl-it.spm', tgtdict='dict.txt', threshold_loss_scale=None, thresholdsrc=0, thresholdtgt=0, tokenizer=None, tpu=False, trainpref=None, use_plasma_view=False, user_dir=None, validpref=None, wandb_project=None, workers=70)
[nl] Dictionary: 30001 types
[nl] zero_shot.nl-it.spm.nl: 26008 sents, 685999 tokens, 0.0% replaced (by <unk>)
[it] Dictionary: 30001 types
[it] zero_shot.nl-it.spm.it: 26008 sents, 714146 tokens, 0.0% replaced (by <unk>)
Wrote preprocessed data to iwslt14_zero_shot_databin
Namespace(aim_repo=None, aim_run_hash=None, align_suffix=None, alignfile=None, all_gather_list_size=16384, amp=False, amp_batch_retries=2, amp_init_scale=128, amp_scale_window=None, azureml_logging=False, bf16=False, bpe=None, cpu=False, criterion='cross_entropy', dataset_impl='mmap', destdir='iwslt14_zero_shot_databin', dict_only=False, empty_cache_freq=0, fp16=False, fp16_init_scale=128, fp16_no_flatten_grads=False, fp16_scale_tolerance=0.0, fp16_scale_window=None, joined_dictionary=False, log_file=None, log_format=None, log_interval=100, lr_scheduler='fixed', memory_efficient_bf16=False, memory_efficient_fp16=False, min_loss_scale=0.0001, model_parallel_size=1, no_progress_bar=False, nwordssrc=-1, nwordstgt=-1, on_cpu_convert_precision=False, only_source=False, optimizer=None, padding_factor=8, plasma_path='/tmp/plasma', profile=False, quantization_config_path=None, reset_logging=False, scoring='bleu', seed=1, source_lang='nl', srcdict='dict.txt', suppress_crashes=False, target_lang='pl', task='translation', tensorboard_logdir=None, testpref='zero_shot.nl-pl.spm', tgtdict='dict.txt', threshold_loss_scale=None, thresholdsrc=0, thresholdtgt=0, tokenizer=None, tpu=False, trainpref=None, use_plasma_view=False, user_dir=None, validpref=None, wandb_project=None, workers=70)
[nl] Dictionary: 30001 types
[nl] zero_shot.nl-pl.spm.nl: 26008 sents, 685999 tokens, 0.0% replaced (by <unk>)
[pl] Dictionary: 30001 types
[pl] zero_shot.nl-pl.spm.pl: 26008 sents, 725138 tokens, 0.0% replaced (by <unk>)
Wrote preprocessed data to iwslt14_zero_shot_databin
Namespace(aim_repo=None, aim_run_hash=None, align_suffix=None, alignfile=None, all_gather_list_size=16384, amp=False, amp_batch_retries=2, amp_init_scale=128, amp_scale_window=None, azureml_logging=False, bf16=False, bpe=None, cpu=False, criterion='cross_entropy', dataset_impl='mmap', destdir='iwslt14_zero_shot_databin', dict_only=False, empty_cache_freq=0, fp16=False, fp16_init_scale=128, fp16_no_flatten_grads=False, fp16_scale_tolerance=0.0, fp16_scale_window=None, joined_dictionary=False, log_file=None, log_format=None, log_interval=100, lr_scheduler='fixed', memory_efficient_bf16=False, memory_efficient_fp16=False, min_loss_scale=0.0001, model_parallel_size=1, no_progress_bar=False, nwordssrc=-1, nwordstgt=-1, on_cpu_convert_precision=False, only_source=False, optimizer=None, padding_factor=8, plasma_path='/tmp/plasma', profile=False, quantization_config_path=None, reset_logging=False, scoring='bleu', seed=1, source_lang='nl', srcdict='dict.txt', suppress_crashes=False, target_lang='ar', task='translation', tensorboard_logdir=None, testpref='zero_shot.nl-ar.spm', tgtdict='dict.txt', threshold_loss_scale=None, thresholdsrc=0, thresholdtgt=0, tokenizer=None, tpu=False, trainpref=None, use_plasma_view=False, user_dir=None, validpref=None, wandb_project=None, workers=70)
[nl] Dictionary: 30001 types
[nl] zero_shot.nl-ar.spm.nl: 26008 sents, 685999 tokens, 0.0% replaced (by <unk>)
[ar] Dictionary: 30001 types
[ar] zero_shot.nl-ar.spm.ar: 26008 sents, 739187 tokens, 0.0% replaced (by <unk>)
Wrote preprocessed data to iwslt14_zero_shot_databin
Namespace(aim_repo=None, aim_run_hash=None, align_suffix=None, alignfile=None, all_gather_list_size=16384, amp=False, amp_batch_retries=2, amp_init_scale=128, amp_scale_window=None, azureml_logging=False, bf16=False, bpe=None, cpu=False, criterion='cross_entropy', dataset_impl='mmap', destdir='iwslt14_zero_shot_databin', dict_only=False, empty_cache_freq=0, fp16=False, fp16_init_scale=128, fp16_no_flatten_grads=False, fp16_scale_tolerance=0.0, fp16_scale_window=None, joined_dictionary=False, log_file=None, log_format=None, log_interval=100, lr_scheduler='fixed', memory_efficient_bf16=False, memory_efficient_fp16=False, min_loss_scale=0.0001, model_parallel_size=1, no_progress_bar=False, nwordssrc=-1, nwordstgt=-1, on_cpu_convert_precision=False, only_source=False, optimizer=None, padding_factor=8, plasma_path='/tmp/plasma', profile=False, quantization_config_path=None, reset_logging=False, scoring='bleu', seed=1, source_lang='nl', srcdict='dict.txt', suppress_crashes=False, target_lang='fa', task='translation', tensorboard_logdir=None, testpref='zero_shot.nl-fa.spm', tgtdict='dict.txt', threshold_loss_scale=None, thresholdsrc=0, thresholdtgt=0, tokenizer=None, tpu=False, trainpref=None, use_plasma_view=False, user_dir=None, validpref=None, wandb_project=None, workers=70)
[nl] Dictionary: 30001 types
[nl] zero_shot.nl-fa.spm.nl: 26008 sents, 685999 tokens, 0.0% replaced (by <unk>)
[fa] Dictionary: 30001 types
[fa] zero_shot.nl-fa.spm.fa: 26008 sents, 793062 tokens, 0.0% replaced (by <unk>)
Wrote preprocessed data to iwslt14_zero_shot_databin
Namespace(aim_repo=None, aim_run_hash=None, align_suffix=None, alignfile=None, all_gather_list_size=16384, amp=False, amp_batch_retries=2, amp_init_scale=128, amp_scale_window=None, azureml_logging=False, bf16=False, bpe=None, cpu=False, criterion='cross_entropy', dataset_impl='mmap', destdir='iwslt14_zero_shot_databin', dict_only=False, empty_cache_freq=0, fp16=False, fp16_init_scale=128, fp16_no_flatten_grads=False, fp16_scale_tolerance=0.0, fp16_scale_window=None, joined_dictionary=False, log_file=None, log_format=None, log_interval=100, lr_scheduler='fixed', memory_efficient_bf16=False, memory_efficient_fp16=False, min_loss_scale=0.0001, model_parallel_size=1, no_progress_bar=False, nwordssrc=-1, nwordstgt=-1, on_cpu_convert_precision=False, only_source=False, optimizer=None, padding_factor=8, plasma_path='/tmp/plasma', profile=False, quantization_config_path=None, reset_logging=False, scoring='bleu', seed=1, source_lang='nl', srcdict='dict.txt', suppress_crashes=False, target_lang='he', task='translation', tensorboard_logdir=None, testpref='zero_shot.nl-he.spm', tgtdict='dict.txt', threshold_loss_scale=None, thresholdsrc=0, thresholdtgt=0, tokenizer=None, tpu=False, trainpref=None, use_plasma_view=False, user_dir=None, validpref=None, wandb_project=None, workers=70)
[nl] Dictionary: 30001 types
[nl] zero_shot.nl-he.spm.nl: 26008 sents, 685999 tokens, 0.0% replaced (by <unk>)
[he] Dictionary: 30001 types
[he] zero_shot.nl-he.spm.he: 26008 sents, 704746 tokens, 0.0% replaced (by <unk>)
Wrote preprocessed data to iwslt14_zero_shot_databin
Namespace(aim_repo=None, aim_run_hash=None, align_suffix=None, alignfile=None, all_gather_list_size=16384, amp=False, amp_batch_retries=2, amp_init_scale=128, amp_scale_window=None, azureml_logging=False, bf16=False, bpe=None, cpu=False, criterion='cross_entropy', dataset_impl='mmap', destdir='iwslt14_zero_shot_databin', dict_only=False, empty_cache_freq=0, fp16=False, fp16_init_scale=128, fp16_no_flatten_grads=False, fp16_scale_tolerance=0.0, fp16_scale_window=None, joined_dictionary=False, log_file=None, log_format=None, log_interval=100, lr_scheduler='fixed', memory_efficient_bf16=False, memory_efficient_fp16=False, min_loss_scale=0.0001, model_parallel_size=1, no_progress_bar=False, nwordssrc=-1, nwordstgt=-1, on_cpu_convert_precision=False, only_source=False, optimizer=None, padding_factor=8, plasma_path='/tmp/plasma', profile=False, quantization_config_path=None, reset_logging=False, scoring='bleu', seed=1, source_lang='it', srcdict='dict.txt', suppress_crashes=False, target_lang='pl', task='translation', tensorboard_logdir=None, testpref='zero_shot.it-pl.spm', tgtdict='dict.txt', threshold_loss_scale=None, thresholdsrc=0, thresholdtgt=0, tokenizer=None, tpu=False, trainpref=None, use_plasma_view=False, user_dir=None, validpref=None, wandb_project=None, workers=70)
[it] Dictionary: 30001 types
[it] zero_shot.it-pl.spm.it: 26008 sents, 714146 tokens, 0.0% replaced (by <unk>)
[pl] Dictionary: 30001 types
[pl] zero_shot.it-pl.spm.pl: 26008 sents, 725138 tokens, 0.0% replaced (by <unk>)
Wrote preprocessed data to iwslt14_zero_shot_databin
Namespace(aim_repo=None, aim_run_hash=None, align_suffix=None, alignfile=None, all_gather_list_size=16384, amp=False, amp_batch_retries=2, amp_init_scale=128, amp_scale_window=None, azureml_logging=False, bf16=False, bpe=None, cpu=False, criterion='cross_entropy', dataset_impl='mmap', destdir='iwslt14_zero_shot_databin', dict_only=False, empty_cache_freq=0, fp16=False, fp16_init_scale=128, fp16_no_flatten_grads=False, fp16_scale_tolerance=0.0, fp16_scale_window=None, joined_dictionary=False, log_file=None, log_format=None, log_interval=100, lr_scheduler='fixed', memory_efficient_bf16=False, memory_efficient_fp16=False, min_loss_scale=0.0001, model_parallel_size=1, no_progress_bar=False, nwordssrc=-1, nwordstgt=-1, on_cpu_convert_precision=False, only_source=False, optimizer=None, padding_factor=8, plasma_path='/tmp/plasma', profile=False, quantization_config_path=None, reset_logging=False, scoring='bleu', seed=1, source_lang='it', srcdict='dict.txt', suppress_crashes=False, target_lang='ar', task='translation', tensorboard_logdir=None, testpref='zero_shot.it-ar.spm', tgtdict='dict.txt', threshold_loss_scale=None, thresholdsrc=0, thresholdtgt=0, tokenizer=None, tpu=False, trainpref=None, use_plasma_view=False, user_dir=None, validpref=None, wandb_project=None, workers=70)
[it] Dictionary: 30001 types
[it] zero_shot.it-ar.spm.it: 26008 sents, 714146 tokens, 0.0% replaced (by <unk>)
[ar] Dictionary: 30001 types
[ar] zero_shot.it-ar.spm.ar: 26008 sents, 739187 tokens, 0.0% replaced (by <unk>)
Wrote preprocessed data to iwslt14_zero_shot_databin
Namespace(aim_repo=None, aim_run_hash=None, align_suffix=None, alignfile=None, all_gather_list_size=16384, amp=False, amp_batch_retries=2, amp_init_scale=128, amp_scale_window=None, azureml_logging=False, bf16=False, bpe=None, cpu=False, criterion='cross_entropy', dataset_impl='mmap', destdir='iwslt14_zero_shot_databin', dict_only=False, empty_cache_freq=0, fp16=False, fp16_init_scale=128, fp16_no_flatten_grads=False, fp16_scale_tolerance=0.0, fp16_scale_window=None, joined_dictionary=False, log_file=None, log_format=None, log_interval=100, lr_scheduler='fixed', memory_efficient_bf16=False, memory_efficient_fp16=False, min_loss_scale=0.0001, model_parallel_size=1, no_progress_bar=False, nwordssrc=-1, nwordstgt=-1, on_cpu_convert_precision=False, only_source=False, optimizer=None, padding_factor=8, plasma_path='/tmp/plasma', profile=False, quantization_config_path=None, reset_logging=False, scoring='bleu', seed=1, source_lang='it', srcdict='dict.txt', suppress_crashes=False, target_lang='fa', task='translation', tensorboard_logdir=None, testpref='zero_shot.it-fa.spm', tgtdict='dict.txt', threshold_loss_scale=None, thresholdsrc=0, thresholdtgt=0, tokenizer=None, tpu=False, trainpref=None, use_plasma_view=False, user_dir=None, validpref=None, wandb_project=None, workers=70)
[it] Dictionary: 30001 types
[it] zero_shot.it-fa.spm.it: 26008 sents, 714146 tokens, 0.0% replaced (by <unk>)
[fa] Dictionary: 30001 types
[fa] zero_shot.it-fa.spm.fa: 26008 sents, 793062 tokens, 0.0% replaced (by <unk>)
Wrote preprocessed data to iwslt14_zero_shot_databin
Namespace(aim_repo=None, aim_run_hash=None, align_suffix=None, alignfile=None, all_gather_list_size=16384, amp=False, amp_batch_retries=2, amp_init_scale=128, amp_scale_window=None, azureml_logging=False, bf16=False, bpe=None, cpu=False, criterion='cross_entropy', dataset_impl='mmap', destdir='iwslt14_zero_shot_databin', dict_only=False, empty_cache_freq=0, fp16=False, fp16_init_scale=128, fp16_no_flatten_grads=False, fp16_scale_tolerance=0.0, fp16_scale_window=None, joined_dictionary=False, log_file=None, log_format=None, log_interval=100, lr_scheduler='fixed', memory_efficient_bf16=False, memory_efficient_fp16=False, min_loss_scale=0.0001, model_parallel_size=1, no_progress_bar=False, nwordssrc=-1, nwordstgt=-1, on_cpu_convert_precision=False, only_source=False, optimizer=None, padding_factor=8, plasma_path='/tmp/plasma', profile=False, quantization_config_path=None, reset_logging=False, scoring='bleu', seed=1, source_lang='it', srcdict='dict.txt', suppress_crashes=False, target_lang='he', task='translation', tensorboard_logdir=None, testpref='zero_shot.it-he.spm', tgtdict='dict.txt', threshold_loss_scale=None, thresholdsrc=0, thresholdtgt=0, tokenizer=None, tpu=False, trainpref=None, use_plasma_view=False, user_dir=None, validpref=None, wandb_project=None, workers=70)
[it] Dictionary: 30001 types
[it] zero_shot.it-he.spm.it: 26008 sents, 714146 tokens, 0.0% replaced (by <unk>)
[he] Dictionary: 30001 types
[he] zero_shot.it-he.spm.he: 26008 sents, 704746 tokens, 0.0% replaced (by <unk>)
Wrote preprocessed data to iwslt14_zero_shot_databin
Namespace(aim_repo=None, aim_run_hash=None, align_suffix=None, alignfile=None, all_gather_list_size=16384, amp=False, amp_batch_retries=2, amp_init_scale=128, amp_scale_window=None, azureml_logging=False, bf16=False, bpe=None, cpu=False, criterion='cross_entropy', dataset_impl='mmap', destdir='iwslt14_zero_shot_databin', dict_only=False, empty_cache_freq=0, fp16=False, fp16_init_scale=128, fp16_no_flatten_grads=False, fp16_scale_tolerance=0.0, fp16_scale_window=None, joined_dictionary=False, log_file=None, log_format=None, log_interval=100, lr_scheduler='fixed', memory_efficient_bf16=False, memory_efficient_fp16=False, min_loss_scale=0.0001, model_parallel_size=1, no_progress_bar=False, nwordssrc=-1, nwordstgt=-1, on_cpu_convert_precision=False, only_source=False, optimizer=None, padding_factor=8, plasma_path='/tmp/plasma', profile=False, quantization_config_path=None, reset_logging=False, scoring='bleu', seed=1, source_lang='pl', srcdict='dict.txt', suppress_crashes=False, target_lang='ar', task='translation', tensorboard_logdir=None, testpref='zero_shot.pl-ar.spm', tgtdict='dict.txt', threshold_loss_scale=None, thresholdsrc=0, thresholdtgt=0, tokenizer=None, tpu=False, trainpref=None, use_plasma_view=False, user_dir=None, validpref=None, wandb_project=None, workers=70)
[pl] Dictionary: 30001 types
[pl] zero_shot.pl-ar.spm.pl: 26008 sents, 725138 tokens, 0.0% replaced (by <unk>)
[ar] Dictionary: 30001 types
[ar] zero_shot.pl-ar.spm.ar: 26008 sents, 739187 tokens, 0.0% replaced (by <unk>)
Wrote preprocessed data to iwslt14_zero_shot_databin
Namespace(aim_repo=None, aim_run_hash=None, align_suffix=None, alignfile=None, all_gather_list_size=16384, amp=False, amp_batch_retries=2, amp_init_scale=128, amp_scale_window=None, azureml_logging=False, bf16=False, bpe=None, cpu=False, criterion='cross_entropy', dataset_impl='mmap', destdir='iwslt14_zero_shot_databin', dict_only=False, empty_cache_freq=0, fp16=False, fp16_init_scale=128, fp16_no_flatten_grads=False, fp16_scale_tolerance=0.0, fp16_scale_window=None, joined_dictionary=False, log_file=None, log_format=None, log_interval=100, lr_scheduler='fixed', memory_efficient_bf16=False, memory_efficient_fp16=False, min_loss_scale=0.0001, model_parallel_size=1, no_progress_bar=False, nwordssrc=-1, nwordstgt=-1, on_cpu_convert_precision=False, only_source=False, optimizer=None, padding_factor=8, plasma_path='/tmp/plasma', profile=False, quantization_config_path=None, reset_logging=False, scoring='bleu', seed=1, source_lang='pl', srcdict='dict.txt', suppress_crashes=False, target_lang='fa', task='translation', tensorboard_logdir=None, testpref='zero_shot.pl-fa.spm', tgtdict='dict.txt', threshold_loss_scale=None, thresholdsrc=0, thresholdtgt=0, tokenizer=None, tpu=False, trainpref=None, use_plasma_view=False, user_dir=None, validpref=None, wandb_project=None, workers=70)
[pl] Dictionary: 30001 types
[pl] zero_shot.pl-fa.spm.pl: 26008 sents, 725138 tokens, 0.0% replaced (by <unk>)
[fa] Dictionary: 30001 types
[fa] zero_shot.pl-fa.spm.fa: 26008 sents, 793062 tokens, 0.0% replaced (by <unk>)
Wrote preprocessed data to iwslt14_zero_shot_databin
Namespace(aim_repo=None, aim_run_hash=None, align_suffix=None, alignfile=None, all_gather_list_size=16384, amp=False, amp_batch_retries=2, amp_init_scale=128, amp_scale_window=None, azureml_logging=False, bf16=False, bpe=None, cpu=False, criterion='cross_entropy', dataset_impl='mmap', destdir='iwslt14_zero_shot_databin', dict_only=False, empty_cache_freq=0, fp16=False, fp16_init_scale=128, fp16_no_flatten_grads=False, fp16_scale_tolerance=0.0, fp16_scale_window=None, joined_dictionary=False, log_file=None, log_format=None, log_interval=100, lr_scheduler='fixed', memory_efficient_bf16=False, memory_efficient_fp16=False, min_loss_scale=0.0001, model_parallel_size=1, no_progress_bar=False, nwordssrc=-1, nwordstgt=-1, on_cpu_convert_precision=False, only_source=False, optimizer=None, padding_factor=8, plasma_path='/tmp/plasma', profile=False, quantization_config_path=None, reset_logging=False, scoring='bleu', seed=1, source_lang='pl', srcdict='dict.txt', suppress_crashes=False, target_lang='he', task='translation', tensorboard_logdir=None, testpref='zero_shot.pl-he.spm', tgtdict='dict.txt', threshold_loss_scale=None, thresholdsrc=0, thresholdtgt=0, tokenizer=None, tpu=False, trainpref=None, use_plasma_view=False, user_dir=None, validpref=None, wandb_project=None, workers=70)
[pl] Dictionary: 30001 types
[pl] zero_shot.pl-he.spm.pl: 26008 sents, 725138 tokens, 0.0% replaced (by <unk>)
[he] Dictionary: 30001 types
[he] zero_shot.pl-he.spm.he: 26008 sents, 704746 tokens, 0.0% replaced (by <unk>)
Wrote preprocessed data to iwslt14_zero_shot_databin
Namespace(aim_repo=None, aim_run_hash=None, align_suffix=None, alignfile=None, all_gather_list_size=16384, amp=False, amp_batch_retries=2, amp_init_scale=128, amp_scale_window=None, azureml_logging=False, bf16=False, bpe=None, cpu=False, criterion='cross_entropy', dataset_impl='mmap', destdir='iwslt14_zero_shot_databin', dict_only=False, empty_cache_freq=0, fp16=False, fp16_init_scale=128, fp16_no_flatten_grads=False, fp16_scale_tolerance=0.0, fp16_scale_window=None, joined_dictionary=False, log_file=None, log_format=None, log_interval=100, lr_scheduler='fixed', memory_efficient_bf16=False, memory_efficient_fp16=False, min_loss_scale=0.0001, model_parallel_size=1, no_progress_bar=False, nwordssrc=-1, nwordstgt=-1, on_cpu_convert_precision=False, only_source=False, optimizer=None, padding_factor=8, plasma_path='/tmp/plasma', profile=False, quantization_config_path=None, reset_logging=False, scoring='bleu', seed=1, source_lang='ar', srcdict='dict.txt', suppress_crashes=False, target_lang='fa', task='translation', tensorboard_logdir=None, testpref='zero_shot.ar-fa.spm', tgtdict='dict.txt', threshold_loss_scale=None, thresholdsrc=0, thresholdtgt=0, tokenizer=None, tpu=False, trainpref=None, use_plasma_view=False, user_dir=None, validpref=None, wandb_project=None, workers=70)
[ar] Dictionary: 30001 types
[ar] zero_shot.ar-fa.spm.ar: 26008 sents, 739187 tokens, 0.0% replaced (by <unk>)
[fa] Dictionary: 30001 types
[fa] zero_shot.ar-fa.spm.fa: 26008 sents, 793062 tokens, 0.0% replaced (by <unk>)
Wrote preprocessed data to iwslt14_zero_shot_databin
Namespace(aim_repo=None, aim_run_hash=None, align_suffix=None, alignfile=None, all_gather_list_size=16384, amp=False, amp_batch_retries=2, amp_init_scale=128, amp_scale_window=None, azureml_logging=False, bf16=False, bpe=None, cpu=False, criterion='cross_entropy', dataset_impl='mmap', destdir='iwslt14_zero_shot_databin', dict_only=False, empty_cache_freq=0, fp16=False, fp16_init_scale=128, fp16_no_flatten_grads=False, fp16_scale_tolerance=0.0, fp16_scale_window=None, joined_dictionary=False, log_file=None, log_format=None, log_interval=100, lr_scheduler='fixed', memory_efficient_bf16=False, memory_efficient_fp16=False, min_loss_scale=0.0001, model_parallel_size=1, no_progress_bar=False, nwordssrc=-1, nwordstgt=-1, on_cpu_convert_precision=False, only_source=False, optimizer=None, padding_factor=8, plasma_path='/tmp/plasma', profile=False, quantization_config_path=None, reset_logging=False, scoring='bleu', seed=1, source_lang='ar', srcdict='dict.txt', suppress_crashes=False, target_lang='he', task='translation', tensorboard_logdir=None, testpref='zero_shot.ar-he.spm', tgtdict='dict.txt', threshold_loss_scale=None, thresholdsrc=0, thresholdtgt=0, tokenizer=None, tpu=False, trainpref=None, use_plasma_view=False, user_dir=None, validpref=None, wandb_project=None, workers=70)
[ar] Dictionary: 30001 types
[ar] zero_shot.ar-he.spm.ar: 26008 sents, 739187 tokens, 0.0% replaced (by <unk>)
[he] Dictionary: 30001 types
[he] zero_shot.ar-he.spm.he: 26008 sents, 704746 tokens, 0.0% replaced (by <unk>)
Wrote preprocessed data to iwslt14_zero_shot_databin
Namespace(aim_repo=None, aim_run_hash=None, align_suffix=None, alignfile=None, all_gather_list_size=16384, amp=False, amp_batch_retries=2, amp_init_scale=128, amp_scale_window=None, azureml_logging=False, bf16=False, bpe=None, cpu=False, criterion='cross_entropy', dataset_impl='mmap', destdir='iwslt14_zero_shot_databin', dict_only=False, empty_cache_freq=0, fp16=False, fp16_init_scale=128, fp16_no_flatten_grads=False, fp16_scale_tolerance=0.0, fp16_scale_window=None, joined_dictionary=False, log_file=None, log_format=None, log_interval=100, lr_scheduler='fixed', memory_efficient_bf16=False, memory_efficient_fp16=False, min_loss_scale=0.0001, model_parallel_size=1, no_progress_bar=False, nwordssrc=-1, nwordstgt=-1, on_cpu_convert_precision=False, only_source=False, optimizer=None, padding_factor=8, plasma_path='/tmp/plasma', profile=False, quantization_config_path=None, reset_logging=False, scoring='bleu', seed=1, source_lang='fa', srcdict='dict.txt', suppress_crashes=False, target_lang='he', task='translation', tensorboard_logdir=None, testpref='zero_shot.fa-he.spm', tgtdict='dict.txt', threshold_loss_scale=None, thresholdsrc=0, thresholdtgt=0, tokenizer=None, tpu=False, trainpref=None, use_plasma_view=False, user_dir=None, validpref=None, wandb_project=None, workers=70)
[fa] Dictionary: 30001 types
[fa] zero_shot.fa-he.spm.fa: 26008 sents, 793062 tokens, 0.0% replaced (by <unk>)
[he] Dictionary: 30001 types
[he] zero_shot.fa-he.spm.he: 26008 sents, 704746 tokens, 0.0% replaced (by <unk>)
Wrote preprocessed data to iwslt14_zero_shot_databin
